Copyright 1986-2015 Xilinx, Inc. All Rights Reserved.
------------------------------------------------------------------------------------
| Tool Version : Vivado v.2015.4 (win64) Build 1412921 Wed Nov 18 09:43:45 MST 2015
| Date         : Tue Oct 08 17:19:12 2019
| Host         : TEST running 64-bit major release  (build 9200)
| Command      : report_drc
------------------------------------------------------------------------------------

Report DRC

Table of Contents
-----------------
1. REPORT SUMMARY
2. REPORT DETAILS

1. REPORT SUMMARY
-----------------
            Netlist: netlist
          Floorplan: design_1
      Design limits: <entire design considered>
           Ruledeck: default
             Max violations: <unlimited>
             Violations found: 5

2. REPORT DETAILS
-----------------
XDCB-1#1 Warning
Runtime intensive exceptions  
The following constraint contains more than 1000 objects. To preserve runtime and memory performance, it is recommended to include minimum number of objects. Check whether this list can be simplified.
-from = 1025, -to = 1025
set_false_path -from [get_cells -hierarchical -filter { NAME =~  "*PROBE_IN_INST/probe_in_reg*" &&  IS_SEQUENTIAL}] -to [get_cells -hierarchical -filt...
d:/liunan/4K_CrossBar/FPGA/project_1_base_v2.38/project_1_base.srcs/sources_1/ip/vio_0/vio_0.xdc (Line: 65)
Related violations: <none>

XDCB-1#2 Warning
Runtime intensive exceptions  
The following constraint contains more than 1000 objects. To preserve runtime and memory performance, it is recommended to include minimum number of objects. Check whether this list can be simplified.
-from = 7286, -to = 5236
set_false_path -from [get_cells -hierarchical -filter { NAME =~  "*data_int_*" && IS_SEQUENTIAL }] -to [get_cells -hierarchical -filter { NAME =~  "*P...
d:/liunan/4K_CrossBar/FPGA/project_1_base_v2.38/project_1_base.srcs/sources_1/ip/vio_0/vio_0.xdc (Line: 70)
Related violations: <none>

XDCB-1#3 Warning
Runtime intensive exceptions  
The following constraint contains more than 1000 objects. To preserve runtime and memory performance, it is recommended to include minimum number of objects. Check whether this list can be simplified.
-to = 1025
set_false_path -from [get_cells -hierarchical -filter { NAME =~  "*Hold_probe_in*" &&  IS_SEQUENTIAL }] -to [get_cells -hierarchical -filter { NAME =~...
d:/liunan/4K_CrossBar/FPGA/project_1_base_v2.38/project_1_base.srcs/sources_1/ip/vio_0/vio_0.xdc (Line: 64)
Related violations: <none>

XDCB-1#4 Warning
Runtime intensive exceptions  
The following constraint contains more than 1000 objects. To preserve runtime and memory performance, it is recommended to include minimum number of objects. Check whether this list can be simplified.
-to = 4544
set_false_path -from [get_cells -hierarchical -filter { NAME =~  "*clear_int*" && IS_SEQUENTIAL }] -to [get_cells -hierarchical -filter { NAME =~  "*P...
d:/liunan/4K_CrossBar/FPGA/project_1_base_v2.38/project_1_base.srcs/sources_1/ip/vio_0/vio_0.xdc (Line: 71)
Related violations: <none>

XDCB-1#5 Warning
Runtime intensive exceptions  
The following constraint contains more than 1000 objects. To preserve runtime and memory performance, it is recommended to include minimum number of objects. Check whether this list can be simplified.
-to = 5236
set_false_path -from [get_cells -hierarchical -filter { NAME =~  "*clear_int*" && IS_SEQUENTIAL}] -to [get_cells -hierarchical -filter { NAME =~  "*Pr...
d:/liunan/4K_CrossBar/FPGA/project_1_base_v2.38/project_1_base.srcs/sources_1/ip/vio_0/vio_0.xdc (Line: 68)
Related violations: <none>


